0 verbose cli D:\nodejs\node.exe D:\nodejs\node_modules\npm\bin\npm-cli.js
1 info using npm@10.9.2
2 info using node@v22.14.0
3 silly config load:file:D:\nodejs\node_modules\npm\npmrc
4 silly config load:file:D:\桌面\exp_wxt\.npmrc
5 silly config load:file:C:\Users\Tom.l\.npmrc
6 silly config load:file:D:\桌面\exp_wxt\Node_v18.19.1\etc\npmrc
7 verbose title npm exec wxt@latest init
8 verbose argv "exec" "--" "wxt@latest" "init"
9 verbose logfile logs-max:10 dir:D:\桌面\exp_wxt\Node_v18.19.1\_logs\2025-06-28T12_02_23_517Z-
10 verbose logfile D:\桌面\exp_wxt\Node_v18.19.1\_logs\2025-06-28T12_02_23_517Z-debug-0.log
11 silly logfile done cleaning log files
12 silly packumentCache heap:4345298944 maxSize:1086324736 maxEntrySize:543162368
13 http fetch GET 200 https://registry.npmmirror.com/wxt 102ms (cache revalidated)
14 silly packumentCache heap:4345298944 maxSize:1086324736 maxEntrySize:543162368
15 silly packumentCache heap:4345298944 maxSize:1086324736 maxEntrySize:543162368
16 verbose cwd D:\桌面\exp_wxt
17 verbose os Windows_NT 10.0.19045
18 verbose node v22.14.0
19 verbose npm  v10.9.2
20 verbose exit 1
21 verbose code 1
