0 verbose cli D:\nodejs\node.exe D:\nodejs\node_modules\npm\bin\npm-cli.js
1 info using npm@10.9.2
2 info using node@v22.14.0
3 silly config load:file:D:\nodejs\node_modules\npm\npmrc
4 silly config load:file:C:\Users\Tom.l\.npmrc
5 silly config load:file:D:\桌面\exp_wxt\backend\Node_v18.19.1\etc\npmrc
6 verbose title npm install npm@11.4.2
7 verbose argv "install" "--global" "npm@11.4.2"
8 verbose logfile logs-max:10 dir:D:\桌面\exp_wxt\backend\Node_v18.19.1\_logs\2025-06-28T12_11_58_294Z-
9 verbose logfile D:\桌面\exp_wxt\backend\Node_v18.19.1\_logs\2025-06-28T12_11_58_294Z-debug-0.log
10 silly logfile done cleaning log files
11 http fetch GET 200 https://registry.npmmirror.com/npm 193ms (cache miss)
12 silly packumentCache heap:4345298944 maxSize:1086324736 maxEntrySize:543162368
13 silly idealTree buildDeps
14 silly fetch manifest npm@11.4.2
15 silly packumentCache full:https://registry.npmmirror.com/npm cache-miss
16 http fetch GET 200 https://registry.npmmirror.com/npm 698ms (cache miss)
17 silly packumentCache full:https://registry.npmmirror.com/npm set size:6690439 disposed:false
18 silly placeDep ROOT npm@11.4.2 OK for:  want: 11.4.2
19 silly reify moves {}
20 http cache npm@https://registry.npmmirror.com/npm/-/npm-11.4.2.tgz 0ms (cache hit)
21 silly tarball no local data for npm@https://registry.npmmirror.com/npm/-/npm-11.4.2.tgz. Extracting by manifest.
22 http fetch GET 200 https://cdn.npmmirror.com/packages/npm/11.4.2/npm-11.4.2.tgz 2928ms (cache miss)
23 silly ADD node_modules/npm
24 verbose cwd D:\桌面\exp_wxt\backend
25 verbose os Windows_NT 10.0.19045
26 verbose node v22.14.0
27 verbose npm  v10.9.2
28 verbose exit 0
29 info ok
